<?xml version="1.0" encoding="UTF-8"?>
<!-- Generated by org.testng.reporters.JUnitXMLReporter -->
<testsuite ignored="9" hostname="Shivani-B" failures="0" tests="1" name="Default test" time="5.559" errors="0" timestamp="2025-09-28T12:29:43 IST">
  <testcase classname="POSTAPIWithDifferentBodyTypes.POSTAPIWithDifferentBodyTest" name="bodyWithSinglePDFFileTest" time="5.49"/>
  <testcase classname="POSTAPIWithDifferentBodyTypes.POSTAPIWithDifferentBodyTest" name="bodyWithSingleImagePNGFileTest" time="0.0">
    <ignored/>
  </testcase> <!-- bodyWithSingleImagePNGFileTest -->
  <testcase classname="POSTAPIWithDifferentBodyTypes.POSTAPIWithDifferentBodyTest" name="bodyWithHTMLTest" time="0.0">
    <ignored/>
  </testcase> <!-- bodyWithHTMLTest -->
  <testcase classname="POSTAPIWithDifferentBodyTypes.POSTAPIWithDifferentBodyTest" name="bodyWithXMLTest" time="0.0">
    <ignored/>
  </testcase> <!-- bodyWithXMLTest -->
  <testcase classname="POSTAPIWithDifferentBodyTypes.POSTAPIWithDifferentBodyTest" name="bodyWithSingleXLSxFileTest" time="0.0">
    <ignored/>
  </testcase> <!-- bodyWithSingleXLSxFileTest -->
  <testcase classname="POSTAPIWithDifferentBodyTypes.POSTAPIWithDifferentBodyTest" name="bodyWithTextTest" time="0.0">
    <ignored/>
  </testcase> <!-- bodyWithTextTest -->
  <testcase classname="POSTAPIWithDifferentBodyTypes.POSTAPIWithDifferentBodyTest" name="bodyWithFormDataMultipPartTest" time="0.0">
    <ignored/>
  </testcase> <!-- bodyWithFormDataMultipPartTest -->
  <testcase classname="POSTAPIWithDifferentBodyTypes.POSTAPIWithDifferentBodyTest" name="bodyWithJavaScriptTest" time="0.0">
    <ignored/>
  </testcase> <!-- bodyWithJavaScriptTest -->
  <testcase classname="POSTAPIWithDifferentBodyTypes.POSTAPIWithDifferentBodyTest" name="bodyWithJSONTest" time="0.0">
    <ignored/>
  </testcase> <!-- bodyWithJSONTest -->
  <testcase classname="POSTAPIWithDifferentBodyTypes.POSTAPIWithDifferentBodyTest" name="bodyWithSingleCSVFileTest" time="0.0">
    <ignored/>
  </testcase> <!-- bodyWithSingleCSVFileTest -->
</testsuite> <!-- Default test -->
