<?xml version="1.0" encoding="UTF-8"?>
<!-- Generated by org.testng.reporters.JUnitXMLReporter -->
<testsuite ignored="1" hostname="Shivani-B" failures="0" tests="1" name="Default test" time="4.257" errors="0" timestamp="2025-09-20T12:42:59 IST">
  <testcase classname="GET_API_BDD.QueryParameter" name="queryParamWithHashmap" time="4.191"/>
  <testcase classname="GET_API_BDD.QueryParameter" name="queryParam" time="0.0">
    <ignored/>
  </testcase> <!-- queryParam -->
</testsuite> <!-- Default test -->
