<?xml version="1.0" encoding="UTF-8"?>
<testng-results ignored="0" total="1" passed="1" failed="0" skipped="0">
  <reporter-output>
  </reporter-output>
  <suite started-at="2025-10-19T11:35:44 IST" name="Default suite" finished-at="2025-10-19T11:35:47 IST" duration-ms="3157">
    <groups>
    </groups>
    <test started-at="2025-10-19T11:35:44 IST" name="Default test" finished-at="2025-10-19T11:35:47 IST" duration-ms="3157">
      <class name="k_DeserializationWithJSONArrayResponse.GetALLUsersTest">
        <test-method signature="getAllUsersTest()[pri:0, instance:k_DeserializationWithJSONArrayResponse.GetALLUsersTest@4efc180e]" started-at="2025-10-19T11:35:44 IST" name="getAllUsersTest" finished-at="2025-10-19T11:35:47 IST" duration-ms="3065" status="PASS">
          <reporter-output>
          </reporter-output>
        </test-method> <!-- getAllUsersTest -->
      </class> <!-- k_DeserializationWithJSONArrayResponse.GetALLUsersTest -->
    </test> <!-- Default test -->
  </suite> <!-- Default suite -->
</testng-results>
